<?xml version="1.0" encoding="UTF-8"?>
<!-- Generated by org.testng.reporters.JUnitReportReporter -->
<testsuite hostname="tvisha" failures="0" tests="1" name="joeyRoomsTestScripts.RateCardTest" time="37.736" errors="0" timestamp="2024-02-07T18:57:24 IST" skipped="0">
  <testcase classname="joeyRoomsTestScripts.RateCardTest" name="VerifuFunctionalityJoeyRoomsHostLoginwithValidaDataclickonratecard" time="37.736"/>
  <system-out/>
</testsuite> <!-- joeyRoomsTestScripts.RateCardTest -->
