<?xml version="1.0" encoding="UTF-8"?>
<!-- Generated by org.testng.reporters.JUnitReportReporter -->
<testsuite hostname="tvisha" failures="0" tests="1" name="joeyRoomsTestScripts.AddProperty" time="29.632" errors="0" timestamp="2024-03-20T14:38:25 IST" skipped="0">
  <testcase classname="joeyRoomsTestScripts.AddProperty" name="VerifyLoginFunctionalityAndAddproperty" time="29.632"/>
  <system-out/>
</testsuite> <!-- joeyRoomsTestScripts.AddProperty -->
