<?xml version="1.0" encoding="UTF-8"?>
<!-- Generated by org.testng.reporters.JUnitReportReporter -->
<testsuite hostname="tvisha" failures="0" tests="1" name="joeyRoomsTestScripts.RoomModelTest" time="22.608" errors="0" timestamp="2024-01-18T14:53:36 IST" skipped="0">
  <testcase classname="joeyRoomsTestScripts.RoomModelTest" name="VerifuFunctionalityJoeyRoomsHostLoginwithValidaDataclickonroommodel" time="22.608"/>
  <system-out/>
</testsuite> <!-- joeyRoomsTestScripts.RoomModelTest -->
