<?xml version="1.0" encoding="UTF-8"?>
<!-- Generated by org.testng.reporters.JUnitReportReporter -->
<testsuite hostname="tvisha" failures="0" tests="3" name="joeyRoomsTestScripts.LoginpageTest" time="14.206" errors="0" timestamp="2024-03-19T12:48:31 IST" skipped="2">
  <testcase classname="joeyRoomsTestScripts.LoginpageTest" name="VerifuFunctionalityJoeyRoomsHostLoginwithValidaData" time="14.206"/>
  <system-out/>
  <testcase classname="joeyRoomsTestScripts.LoginpageTest" name="VerifuFunctionalityJoeyRoomsHostLoginwithInValidaData">
    <skipped/>
  </testcase> <!-- VerifuFunctionalityJoeyRoomsHostLoginwithInValidaData -->
  <system-out/>
  <testcase classname="joeyRoomsTestScripts.LoginpageTest" name="LogingMultipletimesValidAndInvalidData">
    <skipped/>
  </testcase> <!-- LogingMultipletimesValidAndInvalidData -->
  <system-out/>
</testsuite> <!-- joeyRoomsTestScripts.LoginpageTest -->
